build/app/outputs/mapping/r8/release/mapping.txt
# compiler: R8
# compiler_version: 1.3.55
# min_api: 16
com.example.fluttershare.MainActivity -> com.example.fluttershare.MainActivity:
    1:1:void <init>():7:7 -> <init>
    1:2:void onCreate(android.os.Bundle):10:11 -> onCreate
...
io.flutter.embedding.engine.systemchannels.PlatformViewsChannel$1 -> io.flutter.embedding.engine.d.k:
    io.flutter.embedding.engine.systemchannels.PlatformViewsChannel this$0 -> a
    1:1:void <init>(io.flutter.embedding.engine.systemchannels.PlatformViewsChannel):48:48 -> <init>
    1:1:void clearFocus(io.flutter.plugin.common.MethodCall,io.flutter.plugin.common.MethodChannel$Result):200:200 -> a
    2:3:void clearFocus(io.flutter.plugin.common.MethodCall,io.flutter.plugin.common.MethodChannel$Result):202:203 -> a
    4:4:void clearFocus(io.flutter.plugin.common.MethodCall,io.flutter.plugin.common.MethodChannel$Result):207:207 -> a
    5:5:void clearFocus(io.flutter.plugin.common.MethodCall,io.flutter.plugin.common.MethodChannel$Result):205:205 -> a
    1:9:void create(io.flutter.plugin.common.MethodCall,io.flutter.plugin.common.MethodChannel$Result):83:91 -> b
    10:11:void create(io.flutter.plugin.common.MethodCall,io.flutter.plugin.common.MethodChannel$Result):96:97 -> b
    12:12:void create(io.flutter.plugin.common.MethodCall,io.flutter.plugin.common.MethodChannel$Result):101:101 -> b
    13:13:void create(io.flutter.plugin.common.MethodCall,io.flutter.plugin.common.MethodChannel$Result):99:99 -> b
    1:1:void dispose(io.flutter.plugin.common.MethodCall,io.flutter.plugin.common.MethodChannel$Result):108:108 -> c
    2:3:void dispose(io.flutter.plugin.common.MethodCall,io.flutter.plugin.common.MethodChannel$Result):110:111 -> c
io.flutter.embedding.engine.systemchannels.PlatformViewsChannel$1$1 -> io.flutter.embedding.engine.d.j:
    io.flutter.plugin.common.MethodChannel$Result val$result -> a
    io.flutter.embedding.engine.systemchannels.PlatformViewsChannel$1 this$1 -> b
    1:1:void <init>(io.flutter.embedding.engine.systemchannels.PlatformViewsChannel$1,io.flutter.plugin.common.MethodChannel$Result):131:131 -> <init>
    1:1:void run():134:134 -> run
io.flutter.embedding.engine.systemchannels.PlatformViewsChannel$PlatformViewCreationRequest -> io.flutter.embedding.engine.d.l$a:
    java.nio.ByteBuffer params -> f
    double logicalWidth -> c
    double logicalHeight -> d
    int direction -> e
    java.lang.String viewType -> b
    int viewId -> a
    1:7:void <init>(int,java.lang.String,double,double,int,java.nio.ByteBuffer):334:340 -> <init>
io.flutter.embedding.engine.systemchannels.PlatformViewsChannel$PlatformViewResizeRequest -> io.flutter.embedding.engine.d.l$b:
    double newLogicalWidth -> b
    double newLogicalHeight -> c
    int viewId -> a
    1:4:void <init>(int,double,double):367:370 -> <init>
io.flutter.embedding.engine.systemchannels.PlatformViewsChannel$PlatformViewTouch -> io.flutter.embedding.engine.d.l$c:
    int source -> n
    float yPrecision -> k
    int flags -> o
    float xPrecision -> j
    int deviceId -> l
    int edgeFlags -> m
    java.lang.Object rawPointerPropertiesList -> f
    java.lang.Object rawPointerCoords -> g
    int metaState -> h
    int buttonState -> i
    int action -> d
    int pointerCount -> e
    int viewId -> a
    java.lang.Number downTime -> b
    java.lang.Number eventTime -> c
    1:16:void <init>(int,java.lang.Number,java.lang.Number,int,int,java.lang.Object,java.lang.Object,int,int,float,float,int,int,int,int):457:472 -> <init>
io.flutter.embedding.engine.systemchannels.PlatformViewsChannel$PlatformViewsHandler -> io.flutter.embedding.engine.d.l$d:
    long createPlatformView(io.flutter.embedding.engine.systemchannels.PlatformViewsChannel$PlatformViewCreationRequest) -> a
    void disposePlatformView(int) -> a
    void onTouch(io.flutter.embedding.engine.systemchannels.PlatformViewsChannel$PlatformViewTouch) -> a
    void resizePlatformView(io.flutter.embedding.engine.systemchannels.PlatformViewsChannel$PlatformViewResizeRequest,java.lang.Runnable) -> a
    void setDirection(int,int) -> a
    void clearFocus(int) -> b